<?xml version="1.0" encoding="UTF-8"?>
<!-- Generated by org.testng.reporters.JUnitReportReporter -->
<testsuite name="com.Logo.qa.Test.SignInTest" tests="4" time="111.698" ignored="0" failures="0" timestamp="17 Mar 2020 04:52:03 GMT" skipped="1" hostname="UE-PC" errors="2">
  <testcase name="createAccountTest" time="27.042" classname="com.Logo.qa.Test.SignInTest">
    <skipped/>
  </testcase> <!-- createAccountTest -->
  <testcase name="getTitleTest" time="39.234" classname="com.Logo.qa.Test.SignInTest"/>
  <testcase name="errorValidation" time="45.422" classname="com.Logo.qa.Test.SignInTest">
    <error type="org.openqa.selenium.TimeoutException" message="Expected condition failed: waiting for visibility of element located by By.xpath: //div[@id=&#039;create_account_error&#039;]/ol/li (tried for 40 second(s) with 500 milliseconds interval)">
      <![CDATA[org.openqa.selenium.TimeoutException: Expected condition failed: waiting for visibility of element located by By.xpath: //div[@id='create_account_error']/ol/li (tried for 40 second(s) with 500 milliseconds interval)
	at org.openqa.selenium.support.ui.WebDriverWait.timeoutException(WebDriverWait.java:113)
	at org.openqa.selenium.support.ui.FluentWait.until(FluentWait.java:283)
	at com.Logo.qa.Pages.verifySignInpage.validationMessage(verifySignInpage.java:36)
	at com.Logo.qa.Test.SignInTest.errorValidation(SignInTest.java:50)
	at sun.reflect.NativeMethodAccessorImpl.invoke0(Native Method)
	at sun.reflect.NativeMethodAccessorImpl.invoke(Unknown Source)
	at sun.reflect.DelegatingMethodAccessorImpl.invoke(Unknown Source)
	at java.lang.reflect.Method.invoke(Unknown Source)
	at org.testng.internal.MethodInvocationHelper.invokeMethod(MethodInvocationHelper.java:104)
	at org.testng.internal.Invoker.invokeMethod(Invoker.java:645)
	at org.testng.internal.Invoker.invokeTestMethod(Invoker.java:851)
	at org.testng.internal.Invoker.invokeTestMethods(Invoker.java:1177)
	at org.testng.internal.TestMethodWorker.invokeTestMethods(TestMethodWorker.java:129)
	at org.testng.internal.TestMethodWorker.run(TestMethodWorker.java:112)
	at org.testng.TestRunner.privateRun(TestRunner.java:756)
	at org.testng.TestRunner.run(TestRunner.java:610)
	at org.testng.SuiteRunner.runTest(SuiteRunner.java:387)
	at org.testng.SuiteRunner.runSequentially(SuiteRunner.java:382)
	at org.testng.SuiteRunner.privateRun(SuiteRunner.java:340)
	at org.testng.SuiteRunner.run(SuiteRunner.java:289)
	at org.testng.SuiteRunnerWorker.runSuite(SuiteRunnerWorker.java:52)
	at org.testng.SuiteRunnerWorker.run(SuiteRunnerWorker.java:86)
	at org.testng.TestNG.runSuitesSequentially(TestNG.java:1293)
	at org.testng.TestNG.runSuitesLocally(TestNG.java:1218)
	at org.testng.TestNG.runSuites(TestNG.java:1133)
	at org.testng.TestNG.run(TestNG.java:1104)
	at org.testng.remote.AbstractRemoteTestNG.run(AbstractRemoteTestNG.java:115)
	at org.testng.remote.RemoteTestNG.initAndRun(RemoteTestNG.java:251)
	at org.testng.remote.RemoteTestNG.main(RemoteTestNG.java:77)
Caused by: org.openqa.selenium.NoSuchElementException: Cannot locate an element using By.xpath: //div[@id='create_account_error']/ol/li
For documentation on this error, please visit: http://seleniumhq.org/exceptions/no_such_element.html
Build info: version: '3.14.0', revision: 'aacccce0', time: '2018-08-02T20:19:58.91Z'
System info: host: 'UE-PC', ip: '192.168.0.162', os.name: 'Windows 7', os.arch: 'amd64', os.version: '6.1', java.version: '1.8.0_181'
Driver info: driver.version: unknown
	at org.openqa.selenium.support.ui.ExpectedConditions.lambda$findElement$0(ExpectedConditions.java:896)
	at java.util.Optional.orElseThrow(Unknown Source)
	at org.openqa.selenium.support.ui.ExpectedConditions.findElement(ExpectedConditions.java:895)
	at org.openqa.selenium.support.ui.ExpectedConditions.access$000(ExpectedConditions.java:44)
	at org.openqa.selenium.support.ui.ExpectedConditions$7.apply(ExpectedConditions.java:206)
	at org.openqa.selenium.support.ui.ExpectedConditions$7.apply(ExpectedConditions.java:202)
	at org.openqa.selenium.support.ui.FluentWait.until(FluentWait.java:260)
	... 27 more
]]>
    </error>
  </testcase> <!-- errorValidation -->
  <testcase name="setUp" time="0.000" classname="com.Logo.qa.Test.SignInTest">
    <error type="org.openqa.selenium.SessionNotCreatedException" message="session not created
from tab crashed
  (Session info: chrome=80.0.3987.132)
Build info: version: &#039;3.14.0&#039;, revision: &#039;aacccce0&#039;, time: &#039;2018-08-02T20:19:58.91Z&#039;
System info: host: &#039;UE-PC&#039;, ip: &#039;192.168.0.162&#039;, os.name: &#039;Windows 7&#039;, os.arch: &#039;amd64&#039;, os.version: &#039;6.1&#039;, java.version: &#039;1.8.0_181&#039;
Driver info: driver.version: ChromeDriver
remote stacktrace: Backtrace:
	Ordinal0 [0x0107A113+1548563]
	Ordinal0 [0x00FFDDA1+1039777]
	Ordinal0 [0x00F7E32E+516910]
	Ordinal0 [0x00F77113+487699]
	Ordinal0 [0x00F76CE9+486633]
	Ordinal0 [0x00F765E8+484840]
	Ordinal0 [0x00F75D33+482611]
	Ordinal0 [0x00F75E75+482933]
	Ordinal0 [0x00F759B5+481717]
	Ordinal0 [0x00F7D1E5+512485]
	Ordinal0 [0x00F75968+481640]
	Ordinal0 [0x00F7628B+483979]
	Ordinal0 [0x00F75D33+482611]
	Ordinal0 [0x00F75E75+482933]
	Ordinal0 [0x00F759B5+481717]
	Ordinal0 [0x00F7BB0E+506638]
	Ordinal0 [0x00F75968+481640]
	Ordinal0 [0x00F7628B+483979]
	Ordinal0 [0x00F75D33+482611]
	Ordinal0 [0x00F75E75+482933]
	Ordinal0 [0x00F759B5+481717]
	Ordinal0 [0x00F7A37C+500604]
	Ordinal0 [0x00F75968+481640]
	Ordinal0 [0x00F7628B+483979]
	Ordinal0 [0x00F75D33+482611]
	Ordinal0 [0x00F75E75+482933]
	Ordinal0 [0x00F759B5+481717]
	Ordinal0 [0x00F79A17+498199]
	Ordinal0 [0x00F75968+481640]
	Ordinal0 [0x00F7628B+483979]
	Ordinal0 [0x00F75D33+482611]
	Ordinal0 [0x00F75E75+482933]
	Ordinal0 [0x00F759B5+481717]
	Ordinal0 [0x00F7256C+468332]
	Ordinal0 [0x00F75968+481640]
	Ordinal0 [0x00F75844+481348]
	Ordinal0 [0x00F7F0D0+520400]
	Ordinal0 [0x00F2C030+180272]
	Ordinal0 [0x00F2B59D+177565]
	Ordinal0 [0x00F295FB+169467]
	Ordinal0 [0x00F1160A+71178]
	Ordinal0 [0x00F12690+75408]
	Ordinal0 [0x00F12629+75305]
	Ordinal0 [0x010171B7+1143223]
	GetHandleVerifier [0x01112B46+507814]
	GetHandleVerifier [0x01112864+507076]
	GetHandleVerifier [0x01119F47+537511]
	GetHandleVerifier [0x01113402+510050]
	Ordinal0 [0x0100F29C+1110684]
	Ordinal0 [0x0101938B+1151883]
	Ordinal0 [0x010194F3+1152243]
	Ordinal0 [0x010183F5+1147893]
	BaseThreadInitThunk [0x7679343D+18]
	RtlInitializeExceptionChain [0x76F79812+99]
	RtlInitializeExceptionChain [0x76F797E5+54]
">
      <![CDATA[org.openqa.selenium.SessionNotCreatedException: session not created
from tab crashed
  (Session info: chrome=80.0.3987.132)
Build info: version: '3.14.0', revision: 'aacccce0', time: '2018-08-02T20:19:58.91Z'
System info: host: 'UE-PC', ip: '192.168.0.162', os.name: 'Windows 7', os.arch: 'amd64', os.version: '6.1', java.version: '1.8.0_181'
Driver info: driver.version: ChromeDriver
remote stacktrace: Backtrace:
	Ordinal0 [0x0107A113+1548563]
	Ordinal0 [0x00FFDDA1+1039777]
	Ordinal0 [0x00F7E32E+516910]
	Ordinal0 [0x00F77113+487699]
	Ordinal0 [0x00F76CE9+486633]
	Ordinal0 [0x00F765E8+484840]
	Ordinal0 [0x00F75D33+482611]
	Ordinal0 [0x00F75E75+482933]
	Ordinal0 [0x00F759B5+481717]
	Ordinal0 [0x00F7D1E5+512485]
	Ordinal0 [0x00F75968+481640]
	Ordinal0 [0x00F7628B+483979]
	Ordinal0 [0x00F75D33+482611]
	Ordinal0 [0x00F75E75+482933]
	Ordinal0 [0x00F759B5+481717]
	Ordinal0 [0x00F7BB0E+506638]
	Ordinal0 [0x00F75968+481640]
	Ordinal0 [0x00F7628B+483979]
	Ordinal0 [0x00F75D33+482611]
	Ordinal0 [0x00F75E75+482933]
	Ordinal0 [0x00F759B5+481717]
	Ordinal0 [0x00F7A37C+500604]
	Ordinal0 [0x00F75968+481640]
	Ordinal0 [0x00F7628B+483979]
	Ordinal0 [0x00F75D33+482611]
	Ordinal0 [0x00F75E75+482933]
	Ordinal0 [0x00F759B5+481717]
	Ordinal0 [0x00F79A17+498199]
	Ordinal0 [0x00F75968+481640]
	Ordinal0 [0x00F7628B+483979]
	Ordinal0 [0x00F75D33+482611]
	Ordinal0 [0x00F75E75+482933]
	Ordinal0 [0x00F759B5+481717]
	Ordinal0 [0x00F7256C+468332]
	Ordinal0 [0x00F75968+481640]
	Ordinal0 [0x00F75844+481348]
	Ordinal0 [0x00F7F0D0+520400]
	Ordinal0 [0x00F2C030+180272]
	Ordinal0 [0x00F2B59D+177565]
	Ordinal0 [0x00F295FB+169467]
	Ordinal0 [0x00F1160A+71178]
	Ordinal0 [0x00F12690+75408]
	Ordinal0 [0x00F12629+75305]
	Ordinal0 [0x010171B7+1143223]
	GetHandleVerifier [0x01112B46+507814]
	GetHandleVerifier [0x01112864+507076]
	GetHandleVerifier [0x01119F47+537511]
	GetHandleVerifier [0x01113402+510050]
	Ordinal0 [0x0100F29C+1110684]
	Ordinal0 [0x0101938B+1151883]
	Ordinal0 [0x010194F3+1152243]
	Ordinal0 [0x010183F5+1147893]
	BaseThreadInitThunk [0x7679343D+18]
	RtlInitializeExceptionChain [0x76F79812+99]
	RtlInitializeExceptionChain [0x76F797E5+54]

	at sun.reflect.NativeConstructorAccessorImpl.newInstance0(Native Method)
	at sun.reflect.NativeConstructorAccessorImpl.newInstance(Unknown Source)
	at sun.reflect.DelegatingConstructorAccessorImpl.newInstance(Unknown Source)
	at java.lang.reflect.Constructor.newInstance(Unknown Source)
	at org.openqa.selenium.remote.W3CHandshakeResponse.lambda$new$0(W3CHandshakeResponse.java:57)
	at org.openqa.selenium.remote.W3CHandshakeResponse.lambda$getResponseFunction$2(W3CHandshakeResponse.java:104)
	at org.openqa.selenium.remote.ProtocolHandshake.lambda$createSession$0(ProtocolHandshake.java:122)
	at java.util.stream.ReferencePipeline$3$1.accept(Unknown Source)
	at java.util.Spliterators$ArraySpliterator.tryAdvance(Unknown Source)
	at java.util.stream.ReferencePipeline.forEachWithCancel(Unknown Source)
	at java.util.stream.AbstractPipeline.copyIntoWithCancel(Unknown Source)
	at java.util.stream.AbstractPipeline.copyInto(Unknown Source)
	at java.util.stream.AbstractPipeline.wrapAndCopyInto(Unknown Source)
	at java.util.stream.FindOps$FindOp.evaluateSequential(Unknown Source)
	at java.util.stream.AbstractPipeline.evaluate(Unknown Source)
	at java.util.stream.ReferencePipeline.findFirst(Unknown Source)
	at org.openqa.selenium.remote.ProtocolHandshake.createSession(ProtocolHandshake.java:125)
	at org.openqa.selenium.remote.ProtocolHandshake.createSession(ProtocolHandshake.java:73)
	at org.openqa.selenium.remote.HttpCommandExecutor.execute(HttpCommandExecutor.java:136)
	at org.openqa.selenium.remote.service.DriverCommandExecutor.execute(DriverCommandExecutor.java:83)
	at org.openqa.selenium.remote.RemoteWebDriver.execute(RemoteWebDriver.java:548)
	at org.openqa.selenium.remote.RemoteWebDriver.startSession(RemoteWebDriver.java:212)
	at org.openqa.selenium.remote.RemoteWebDriver.<init>(RemoteWebDriver.java:130)
	at org.openqa.selenium.chrome.ChromeDriver.<init>(ChromeDriver.java:181)
	at org.openqa.selenium.chrome.ChromeDriver.<init>(ChromeDriver.java:168)
	at org.openqa.selenium.chrome.ChromeDriver.<init>(ChromeDriver.java:123)
	at com.Logo.qa.Base.TestBase.Installation(TestBase.java:47)
	at com.Logo.qa.Test.SignInTest.setUp(SignInTest.java:31)
	at sun.reflect.NativeMethodAccessorImpl.invoke0(Native Method)
	at sun.reflect.NativeMethodAccessorImpl.invoke(Unknown Source)
	at sun.reflect.DelegatingMethodAccessorImpl.invoke(Unknown Source)
	at java.lang.reflect.Method.invoke(Unknown Source)
	at org.testng.internal.MethodInvocationHelper.invokeMethod(MethodInvocationHelper.java:104)
	at org.testng.internal.Invoker.invokeConfigurationMethod(Invoker.java:515)
	at org.testng.internal.Invoker.invokeConfigurations(Invoker.java:217)
	at org.testng.internal.Invoker.invokeMethod(Invoker.java:590)
	at org.testng.internal.Invoker.invokeTestMethod(Invoker.java:851)
	at org.testng.internal.Invoker.invokeTestMethods(Invoker.java:1177)
	at org.testng.internal.TestMethodWorker.invokeTestMethods(TestMethodWorker.java:129)
	at org.testng.internal.TestMethodWorker.run(TestMethodWorker.java:112)
	at org.testng.TestRunner.privateRun(TestRunner.java:756)
	at org.testng.TestRunner.run(TestRunner.java:610)
	at org.testng.SuiteRunner.runTest(SuiteRunner.java:387)
	at org.testng.SuiteRunner.runSequentially(SuiteRunner.java:382)
	at org.testng.SuiteRunner.privateRun(SuiteRunner.java:340)
	at org.testng.SuiteRunner.run(SuiteRunner.java:289)
	at org.testng.SuiteRunnerWorker.runSuite(SuiteRunnerWorker.java:52)
	at org.testng.SuiteRunnerWorker.run(SuiteRunnerWorker.java:86)
	at org.testng.TestNG.runSuitesSequentially(TestNG.java:1293)
	at org.testng.TestNG.runSuitesLocally(TestNG.java:1218)
	at org.testng.TestNG.runSuites(TestNG.java:1133)
	at org.testng.TestNG.run(TestNG.java:1104)
	at org.testng.remote.AbstractRemoteTestNG.run(AbstractRemoteTestNG.java:115)
	at org.testng.remote.RemoteTestNG.initAndRun(RemoteTestNG.java:251)
	at org.testng.remote.RemoteTestNG.main(RemoteTestNG.java:77)
]]>
    </error>
  </testcase> <!-- setUp -->
</testsuite> <!-- com.Logo.qa.Test.SignInTest -->
