<!DOCTYPE html PUBLIC "-//W3C//DTD XHTML 1.1//EN" "http://www.w3.org/TR/xhtml11/DTD/xhtml11.dtd">
<html xmlns="http://www.w3.org/1999/xhtml"><head><title>TestNG Report</title><style type="text/css">table {margin-bottom:10px;border-collapse:collapse;empty-cells:show}th,td {border:1px solid #009;padding:.25em .5em}th {vertical-align:bottom}td {vertical-align:top}table a {font-weight:bold}.stripe td {background-color: #E6EBF9}.num {text-align:right}.passedodd td {background-color: #3F3}.passedeven td {background-color: #0A0}.skippedodd td {background-color: #DDD}.skippedeven td {background-color: #CCC}.failedodd td,.attn {background-color: #F33}.failedeven td,.stripe .attn {background-color: #D00}.stacktrace {white-space:pre;font-family:monospace}.totop {font-size:85%;text-align:center;border-bottom:2px solid #000}</style></head><body><table><tr><th>Test</th><th># Passed</th><th># Skipped</th><th># Failed</th><th>Time (ms)</th><th>Included Groups</th><th>Excluded Groups</th></tr><tr><th colspan="7">Failed suite [Default suite]</th></tr><tr><td><a href="#t0">Default test(failed)</a></td><td class="num">10</td><td class="num attn">1</td><td class="num attn">2</td><td class="num">433,547</td><td></td><td></td></tr></table><table><thead><tr><th>Class</th><th>Method</th><th>Start</th><th>Time (ms)</th></tr></thead><tbody><tr><th colspan="4">Failed suite [Default suite]</th></tr></tbody><tbody id="t0"><tr><th colspan="4">Default test(failed) &#8212; failed (configuration methods)</th></tr><tr class="failedeven"><td rowspan="1">com.Logo.qa.Test.SignInTest</td><td><a href="#m0">setUp</a></td><td rowspan="1">1584420611628</td><td rowspan="1">0</td></tr><tr><th colspan="4">Default test(failed) &#8212; failed</th></tr><tr class="failedeven"><td rowspan="1">com.Logo.qa.Test.SignInTest</td><td><a href="#m1">errorValidation</a></td><td rowspan="1">1584420491668</td><td rowspan="1">45422</td></tr><tr class="failedodd"><td rowspan="1">com.Logo.qa.Test.createAccountTest</td><td><a href="#m2">createAccountTestData</a></td><td rowspan="1">1584420594397</td><td rowspan="1">6198</td></tr><tr><th colspan="4">Default test(failed) &#8212; skipped (configuration methods)</th></tr><tr class="skippedeven"><td rowspan="1">com.Logo.qa.Test.SignInTest</td><td><a href="#m3">tearOff</a></td><td rowspan="1">1584420618704</td><td rowspan="1">0</td></tr><tr><th colspan="4">Default test(failed) &#8212; skipped</th></tr><tr class="skippedeven"><td rowspan="1">com.Logo.qa.Test.SignInTest</td><td><a href="#m4">createAccountTest</a></td><td rowspan="1">1584420618700</td><td rowspan="1">2</td></tr><tr><th colspan="4">Default test(failed) &#8212; passed</th></tr><tr class="passedeven"><td rowspan="1">com.Logo.qa.Test.SelectDressTest</td><td><a href="#m5">selecteDressTest</a></td><td rowspan="1">1584420311931</td><td rowspan="1">23346</td></tr><tr class="passedodd"><td rowspan="1">com.Logo.qa.Test.SignInTest</td><td><a href="#m6">getTitleTest</a></td><td rowspan="1">1584420396555</td><td rowspan="1">47</td></tr><tr class="passedeven"><td rowspan="2">com.Logo.qa.Test.createAccountTest</td><td><a href="#m7">geterrorMessege</a></td><td rowspan="1">1584420361185</td><td rowspan="1">3249</td></tr><tr class="passedeven"><td><a href="#m8">passField</a></td><td rowspan="1">1584420447177</td><td rowspan="1">1415</td></tr><tr class="passedodd"><td rowspan="6">com.Logo.qa.Test.homePageTest</td><td><a href="#m9">contactTest</a></td><td rowspan="1">1584420658632</td><td rowspan="1">37</td></tr><tr class="passedodd"><td><a href="#m10">emptyCartTest</a></td><td rowspan="1">1584420679969</td><td rowspan="1">39</td></tr><tr class="passedodd"><td><a href="#m11">selectTShirt</a></td><td rowspan="1">1584420563722</td><td rowspan="1">2490</td></tr><tr class="passedodd"><td><a href="#m12">signInTest</a></td><td rowspan="1">1584420715510</td><td rowspan="1">2174</td></tr><tr class="passedodd"><td><a href="#m13">testLogo</a></td><td rowspan="1">1584420420956</td><td rowspan="1">312</td></tr><tr class="passedodd"><td><a href="#m14">titleTest</a></td><td rowspan="1">1584420636171</td><td rowspan="1">9</td></tr></tbody></table><h2>Default test(failed)</h2><h3 id="m0">com.Logo.qa.Test.SignInTest#setUp</h3><table class="result"><tr><th>Exception</th></tr><tr><td><div class="stacktrace">org.openqa.selenium.SessionNotCreatedException: session not created
from tab crashed
  (Session info: chrome=80.0.3987.132)
Build info: version: &apos;3.14.0&apos;, revision: &apos;aacccce0&apos;, time: &apos;2018-08-02T20:19:58.91Z&apos;
System info: host: &apos;UE-PC&apos;, ip: &apos;192.168.0.162&apos;, os.name: &apos;Windows 7&apos;, os.arch: &apos;amd64&apos;, os.version: &apos;6.1&apos;, java.version: &apos;1.8.0_181&apos;
Driver info: driver.version: ChromeDriver
remote stacktrace: Backtrace:
	Ordinal0 [0x0107A113+1548563]
	Ordinal0 [0x00FFDDA1+1039777]
	Ordinal0 [0x00F7E32E+516910]
	Ordinal0 [0x00F77113+487699]
	Ordinal0 [0x00F76CE9+486633]
	Ordinal0 [0x00F765E8+484840]
	Ordinal0 [0x00F75D33+482611]
	Ordinal0 [0x00F75E75+482933]
	Ordinal0 [0x00F759B5+481717]
	Ordinal0 [0x00F7D1E5+512485]
	Ordinal0 [0x00F75968+481640]
	Ordinal0 [0x00F7628B+483979]
	Ordinal0 [0x00F75D33+482611]
	Ordinal0 [0x00F75E75+482933]
	Ordinal0 [0x00F759B5+481717]
	Ordinal0 [0x00F7BB0E+506638]
	Ordinal0 [0x00F75968+481640]
	Ordinal0 [0x00F7628B+483979]
	Ordinal0 [0x00F75D33+482611]
	Ordinal0 [0x00F75E75+482933]
	Ordinal0 [0x00F759B5+481717]
	Ordinal0 [0x00F7A37C+500604]
	Ordinal0 [0x00F75968+481640]
	Ordinal0 [0x00F7628B+483979]
	Ordinal0 [0x00F75D33+482611]
	Ordinal0 [0x00F75E75+482933]
	Ordinal0 [0x00F759B5+481717]
	Ordinal0 [0x00F79A17+498199]
	Ordinal0 [0x00F75968+481640]
	Ordinal0 [0x00F7628B+483979]
	Ordinal0 [0x00F75D33+482611]
	Ordinal0 [0x00F75E75+482933]
	Ordinal0 [0x00F759B5+481717]
	Ordinal0 [0x00F7256C+468332]
	Ordinal0 [0x00F75968+481640]
	Ordinal0 [0x00F75844+481348]
	Ordinal0 [0x00F7F0D0+520400]
	Ordinal0 [0x00F2C030+180272]
	Ordinal0 [0x00F2B59D+177565]
	Ordinal0 [0x00F295FB+169467]
	Ordinal0 [0x00F1160A+71178]
	Ordinal0 [0x00F12690+75408]
	Ordinal0 [0x00F12629+75305]
	Ordinal0 [0x010171B7+1143223]
	GetHandleVerifier [0x01112B46+507814]
	GetHandleVerifier [0x01112864+507076]
	GetHandleVerifier [0x01119F47+537511]
	GetHandleVerifier [0x01113402+510050]
	Ordinal0 [0x0100F29C+1110684]
	Ordinal0 [0x0101938B+1151883]
	Ordinal0 [0x010194F3+1152243]
	Ordinal0 [0x010183F5+1147893]
	BaseThreadInitThunk [0x7679343D+18]
	RtlInitializeExceptionChain [0x76F79812+99]
	RtlInitializeExceptionChain [0x76F797E5+54]

	at org.openqa.selenium.remote.W3CHandshakeResponse.lambda$new$0(W3CHandshakeResponse.java:57)
	at org.openqa.selenium.remote.W3CHandshakeResponse.lambda$getResponseFunction$2(W3CHandshakeResponse.java:104)
	at org.openqa.selenium.remote.ProtocolHandshake.lambda$createSession$0(ProtocolHandshake.java:122)
	at java.util.stream.ReferencePipeline$3$1.accept(Unknown Source)
	at java.util.Spliterators$ArraySpliterator.tryAdvance(Unknown Source)
	at java.util.stream.ReferencePipeline.forEachWithCancel(Unknown Source)
	at java.util.stream.AbstractPipeline.copyIntoWithCancel(Unknown Source)
	at java.util.stream.AbstractPipeline.copyInto(Unknown Source)
	at java.util.stream.AbstractPipeline.wrapAndCopyInto(Unknown Source)
	at java.util.stream.FindOps$FindOp.evaluateSequential(Unknown Source)
	at java.util.stream.AbstractPipeline.evaluate(Unknown Source)
	at java.util.stream.ReferencePipeline.findFirst(Unknown Source)
	at org.openqa.selenium.remote.ProtocolHandshake.createSession(ProtocolHandshake.java:125)
	at org.openqa.selenium.remote.ProtocolHandshake.createSession(ProtocolHandshake.java:73)
	at org.openqa.selenium.remote.HttpCommandExecutor.execute(HttpCommandExecutor.java:136)
	at org.openqa.selenium.remote.service.DriverCommandExecutor.execute(DriverCommandExecutor.java:83)
	at org.openqa.selenium.remote.RemoteWebDriver.execute(RemoteWebDriver.java:548)
	at org.openqa.selenium.remote.RemoteWebDriver.startSession(RemoteWebDriver.java:212)
	at org.openqa.selenium.remote.RemoteWebDriver.&lt;init&gt;(RemoteWebDriver.java:130)
	at org.openqa.selenium.chrome.ChromeDriver.&lt;init&gt;(ChromeDriver.java:181)
	at org.openqa.selenium.chrome.ChromeDriver.&lt;init&gt;(ChromeDriver.java:168)
	at org.openqa.selenium.chrome.ChromeDriver.&lt;init&gt;(ChromeDriver.java:123)
	at com.Logo.qa.Base.TestBase.Installation(TestBase.java:47)
	at com.Logo.qa.Test.SignInTest.setUp(SignInTest.java:31)
... Removed 31 stack frames</div></td></tr></table><p class="totop"><a href="#summary">back to summary</a></p><h3 id="m1">com.Logo.qa.Test.SignInTest#errorValidation</h3><table class="result"><tr><th>Exception</th></tr><tr><td><div class="stacktrace">org.openqa.selenium.TimeoutException: Expected condition failed: waiting for visibility of element located by By.xpath: //div[@id=&apos;create_account_error&apos;]/ol/li (tried for 40 second(s) with 500 milliseconds interval)
	at org.openqa.selenium.support.ui.WebDriverWait.timeoutException(WebDriverWait.java:113)
	at org.openqa.selenium.support.ui.FluentWait.until(FluentWait.java:283)
	at com.Logo.qa.Pages.verifySignInpage.validationMessage(verifySignInpage.java:36)
	at com.Logo.qa.Test.SignInTest.errorValidation(SignInTest.java:50)
Caused by: org.openqa.selenium.NoSuchElementException: Cannot locate an element using By.xpath: //div[@id=&apos;create_account_error&apos;]/ol/li
For documentation on this error, please visit: http://seleniumhq.org/exceptions/no_such_element.html
Build info: version: &apos;3.14.0&apos;, revision: &apos;aacccce0&apos;, time: &apos;2018-08-02T20:19:58.91Z&apos;
System info: host: &apos;UE-PC&apos;, ip: &apos;192.168.0.162&apos;, os.name: &apos;Windows 7&apos;, os.arch: &apos;amd64&apos;, os.version: &apos;6.1&apos;, java.version: &apos;1.8.0_181&apos;
Driver info: driver.version: unknown
	at org.openqa.selenium.support.ui.ExpectedConditions.lambda$findElement$0(ExpectedConditions.java:896)
	at java.util.Optional.orElseThrow(Unknown Source)
	at org.openqa.selenium.support.ui.ExpectedConditions.findElement(ExpectedConditions.java:895)
	at org.openqa.selenium.support.ui.ExpectedConditions.access$000(ExpectedConditions.java:44)
	at org.openqa.selenium.support.ui.ExpectedConditions$7.apply(ExpectedConditions.java:206)
	at org.openqa.selenium.support.ui.ExpectedConditions$7.apply(ExpectedConditions.java:202)
	at org.openqa.selenium.support.ui.FluentWait.until(FluentWait.java:260)
	... 27 more
... Removed 25 stack frames</div></td></tr></table><p class="totop"><a href="#summary">back to summary</a></p><h3 id="m2">com.Logo.qa.Test.createAccountTest#createAccountTestData</h3><table class="result"><tr class="param"><th>Parameter #1</th><th>Parameter #2</th><th>Parameter #3</th><th>Parameter #4</th><th>Parameter #5</th><th>Parameter #6</th><th>Parameter #7</th><th>Parameter #8</th><th>Parameter #9</th><th>Parameter #10</th><th>Parameter #11</th><th>Parameter #12</th><th>Parameter #13</th></tr><tr class="param stripe"><td>1.0</td><td>ronaldo</td><td>bindra</td><td>omkaeeee@1990</td><td>amdocs</td><td>Khandoba Mandir, near Bhiutachi chawal</td><td>Wadgaon Sheri</td><td>Iowa</td><td>42586.0</td><td>No Additional information I want to give you sorry</td><td>020-95982434</td><td>9.895245464E9</td><td>Wadgaon Gejs0m</td></tr><tr><th colspan="13">Exception</th></tr><tr><td colspan="13"><div class="stacktrace">java.lang.AssertionError: expected [My] but found [Login - My Store]
	at com.Logo.qa.Test.createAccountTest.createAccountTestData(createAccountTest.java:71)
... Removed 31 stack frames</div></td></tr></table><p class="totop"><a href="#summary">back to summary</a></p><h3 id="m3">com.Logo.qa.Test.SignInTest#tearOff</h3><table class="result"></table><p class="totop"><a href="#summary">back to summary</a></p><h3 id="m4">com.Logo.qa.Test.SignInTest#createAccountTest</h3><table class="result"><tr><th>Exception</th></tr><tr><td><div class="stacktrace">org.openqa.selenium.SessionNotCreatedException: session not created
from tab crashed
  (Session info: chrome=80.0.3987.132)
Build info: version: &apos;3.14.0&apos;, revision: &apos;aacccce0&apos;, time: &apos;2018-08-02T20:19:58.91Z&apos;
System info: host: &apos;UE-PC&apos;, ip: &apos;192.168.0.162&apos;, os.name: &apos;Windows 7&apos;, os.arch: &apos;amd64&apos;, os.version: &apos;6.1&apos;, java.version: &apos;1.8.0_181&apos;
Driver info: driver.version: ChromeDriver
remote stacktrace: Backtrace:
	Ordinal0 [0x0107A113+1548563]
	Ordinal0 [0x00FFDDA1+1039777]
	Ordinal0 [0x00F7E32E+516910]
	Ordinal0 [0x00F77113+487699]
	Ordinal0 [0x00F76CE9+486633]
	Ordinal0 [0x00F765E8+484840]
	Ordinal0 [0x00F75D33+482611]
	Ordinal0 [0x00F75E75+482933]
	Ordinal0 [0x00F759B5+481717]
	Ordinal0 [0x00F7D1E5+512485]
	Ordinal0 [0x00F75968+481640]
	Ordinal0 [0x00F7628B+483979]
	Ordinal0 [0x00F75D33+482611]
	Ordinal0 [0x00F75E75+482933]
	Ordinal0 [0x00F759B5+481717]
	Ordinal0 [0x00F7BB0E+506638]
	Ordinal0 [0x00F75968+481640]
	Ordinal0 [0x00F7628B+483979]
	Ordinal0 [0x00F75D33+482611]
	Ordinal0 [0x00F75E75+482933]
	Ordinal0 [0x00F759B5+481717]
	Ordinal0 [0x00F7A37C+500604]
	Ordinal0 [0x00F75968+481640]
	Ordinal0 [0x00F7628B+483979]
	Ordinal0 [0x00F75D33+482611]
	Ordinal0 [0x00F75E75+482933]
	Ordinal0 [0x00F759B5+481717]
	Ordinal0 [0x00F79A17+498199]
	Ordinal0 [0x00F75968+481640]
	Ordinal0 [0x00F7628B+483979]
	Ordinal0 [0x00F75D33+482611]
	Ordinal0 [0x00F75E75+482933]
	Ordinal0 [0x00F759B5+481717]
	Ordinal0 [0x00F7256C+468332]
	Ordinal0 [0x00F75968+481640]
	Ordinal0 [0x00F75844+481348]
	Ordinal0 [0x00F7F0D0+520400]
	Ordinal0 [0x00F2C030+180272]
	Ordinal0 [0x00F2B59D+177565]
	Ordinal0 [0x00F295FB+169467]
	Ordinal0 [0x00F1160A+71178]
	Ordinal0 [0x00F12690+75408]
	Ordinal0 [0x00F12629+75305]
	Ordinal0 [0x010171B7+1143223]
	GetHandleVerifier [0x01112B46+507814]
	GetHandleVerifier [0x01112864+507076]
	GetHandleVerifier [0x01119F47+537511]
	GetHandleVerifier [0x01113402+510050]
	Ordinal0 [0x0100F29C+1110684]
	Ordinal0 [0x0101938B+1151883]
	Ordinal0 [0x010194F3+1152243]
	Ordinal0 [0x010183F5+1147893]
	BaseThreadInitThunk [0x7679343D+18]
	RtlInitializeExceptionChain [0x76F79812+99]
	RtlInitializeExceptionChain [0x76F797E5+54]

	at org.openqa.selenium.remote.W3CHandshakeResponse.lambda$new$0(W3CHandshakeResponse.java:57)
	at org.openqa.selenium.remote.W3CHandshakeResponse.lambda$getResponseFunction$2(W3CHandshakeResponse.java:104)
	at org.openqa.selenium.remote.ProtocolHandshake.lambda$createSession$0(ProtocolHandshake.java:122)
	at java.util.stream.ReferencePipeline$3$1.accept(Unknown Source)
	at java.util.Spliterators$ArraySpliterator.tryAdvance(Unknown Source)
	at java.util.stream.ReferencePipeline.forEachWithCancel(Unknown Source)
	at java.util.stream.AbstractPipeline.copyIntoWithCancel(Unknown Source)
	at java.util.stream.AbstractPipeline.copyInto(Unknown Source)
	at java.util.stream.AbstractPipeline.wrapAndCopyInto(Unknown Source)
	at java.util.stream.FindOps$FindOp.evaluateSequential(Unknown Source)
	at java.util.stream.AbstractPipeline.evaluate(Unknown Source)
	at java.util.stream.ReferencePipeline.findFirst(Unknown Source)
	at org.openqa.selenium.remote.ProtocolHandshake.createSession(ProtocolHandshake.java:125)
	at org.openqa.selenium.remote.ProtocolHandshake.createSession(ProtocolHandshake.java:73)
	at org.openqa.selenium.remote.HttpCommandExecutor.execute(HttpCommandExecutor.java:136)
	at org.openqa.selenium.remote.service.DriverCommandExecutor.execute(DriverCommandExecutor.java:83)
	at org.openqa.selenium.remote.RemoteWebDriver.execute(RemoteWebDriver.java:548)
	at org.openqa.selenium.remote.RemoteWebDriver.startSession(RemoteWebDriver.java:212)
	at org.openqa.selenium.remote.RemoteWebDriver.&lt;init&gt;(RemoteWebDriver.java:130)
	at org.openqa.selenium.chrome.ChromeDriver.&lt;init&gt;(ChromeDriver.java:181)
	at org.openqa.selenium.chrome.ChromeDriver.&lt;init&gt;(ChromeDriver.java:168)
	at org.openqa.selenium.chrome.ChromeDriver.&lt;init&gt;(ChromeDriver.java:123)
	at com.Logo.qa.Base.TestBase.Installation(TestBase.java:47)
	at com.Logo.qa.Test.SignInTest.setUp(SignInTest.java:31)
... Removed 31 stack frames</div></td></tr></table><p class="totop"><a href="#summary">back to summary</a></p><h3 id="m5">com.Logo.qa.Test.SelectDressTest#selecteDressTest</h3><table class="result"></table><p class="totop"><a href="#summary">back to summary</a></p><h3 id="m6">com.Logo.qa.Test.SignInTest#getTitleTest</h3><table class="result"></table><p class="totop"><a href="#summary">back to summary</a></p><h3 id="m7">com.Logo.qa.Test.createAccountTest#geterrorMessege</h3><table class="result"></table><p class="totop"><a href="#summary">back to summary</a></p><h3 id="m8">com.Logo.qa.Test.createAccountTest#passField</h3><table class="result"></table><p class="totop"><a href="#summary">back to summary</a></p><h3 id="m9">com.Logo.qa.Test.homePageTest#contactTest</h3><table class="result"></table><p class="totop"><a href="#summary">back to summary</a></p><h3 id="m10">com.Logo.qa.Test.homePageTest#emptyCartTest</h3><table class="result"></table><p class="totop"><a href="#summary">back to summary</a></p><h3 id="m11">com.Logo.qa.Test.homePageTest#selectTShirt</h3><table class="result"></table><p class="totop"><a href="#summary">back to summary</a></p><h3 id="m12">com.Logo.qa.Test.homePageTest#signInTest</h3><table class="result"></table><p class="totop"><a href="#summary">back to summary</a></p><h3 id="m13">com.Logo.qa.Test.homePageTest#testLogo</h3><table class="result"></table><p class="totop"><a href="#summary">back to summary</a></p><h3 id="m14">com.Logo.qa.Test.homePageTest#titleTest</h3><table class="result"></table><p class="totop"><a href="#summary">back to summary</a></p></body></html>